<?xml version="1.0" encoding="UTF-8"?>
<!-- Generated by org.testng.reporters.JUnitReportReporter -->
<testsuite hostname="Bayan" failures="0" tests="3" name="TestCases.MyTestCases" time="5.930" errors="0" timestamp="2024-03-08T00:13:17 EET" skipped="0">
  <testcase classname="TestCases.MyTestCases" name="logInTest" time="3.455"/>
  <system-out/>
  <testcase classname="TestCases.MyTestCases" name="homePageTitle" time="0.030"/>
  <system-out/>
  <testcase classname="TestCases.MyTestCases" name="logOutTest" time="2.445"/>
  <system-out/>
</testsuite> <!-- TestCases.MyTestCases -->
