<?xml version="1.0" encoding="UTF-8"?>
<!-- Generated by org.testng.reporters.JUnitReportReporter -->
<testsuite hostname="Bayan" failures="0" tests="3" name="TestCases.LoginTest" time="7.114" errors="0" timestamp="2024-03-06T23:05:20 EET" skipped="0">
  <testcase classname="TestCases.LoginTest" name="logInTest" time="4.756"/>
  <system-out/>
  <testcase classname="TestCases.LoginTest" name="homePageTitle" time="0.024"/>
  <system-out/>
  <testcase classname="TestCases.LoginTest" name="logOutTest" time="2.334"/>
  <system-out/>
</testsuite> <!-- TestCases.LoginTest -->
