<?xml version="1.0" encoding="UTF-8"?>
<!-- Generated by org.testng.reporters.JUnitReportReporter -->
<testsuite hostname="Bayan" failures="0" tests="3" name="TestCases.LoginTest" time="55.302" errors="0" timestamp="2024-03-06T00:04:34 EET" skipped="0">
  <testcase classname="TestCases.LoginTest" name="logInTest" time="52.915"/>
  <system-out/>
  <testcase classname="TestCases.LoginTest" name="homePageTitle" time="0.026"/>
  <system-out/>
  <testcase classname="TestCases.LoginTest" name="logOutTest" time="2.361"/>
  <system-out/>
</testsuite> <!-- TestCases.LoginTest -->
