<?xml version="1.0" encoding="UTF-8"?>
<!-- Generated by org.testng.reporters.JUnitReportReporter -->
<testsuite hostname="Bayan" failures="0" tests="3" name="TestCases.MyTestCases" time="8.191" errors="0" timestamp="2024-03-07T23:37:32 EET" skipped="0">
  <testcase classname="TestCases.MyTestCases" name="logInTest" time="5.755"/>
  <system-out/>
  <testcase classname="TestCases.MyTestCases" name="homePageTitle" time="0.034"/>
  <system-out/>
  <testcase classname="TestCases.MyTestCases" name="logOutTest" time="2.402"/>
  <system-out/>
</testsuite> <!-- TestCases.MyTestCases -->
